[0124/085404.409:ERROR:directory_reader_win.cc(43)] FindFirstFile: 지정된 경로를 찾을 수 없습니다. (0x3)
[0124/085719.625:ERROR:directory_reader_win.cc(43)] FindFirstFile: 지정된 경로를 찾을 수 없습니다. (0x3)
[0124/085851.413:ERROR:directory_reader_win.cc(43)] FindFirstFile: 지정된 경로를 찾을 수 없습니다. (0x3)
[0124/085932.709:ERROR:directory_reader_win.cc(43)] FindFirstFile: 지정된 경로를 찾을 수 없습니다. (0x3)
[0124/085957.938:ERROR:directory_reader_win.cc(43)] FindFirstFile: 지정된 경로를 찾을 수 없습니다. (0x3)
[0124/090246.730:ERROR:directory_reader_win.cc(43)] FindFirstFile: 지정된 경로를 찾을 수 없습니다. (0x3)
[0124/101020.615:ERROR:process_reader_win.cc(151)] SuspendThread: 액세스가 거부되었습니다. (0x5)
[0124/101020.683:ERROR:process_reader_win.cc(123)] NtOpenThread: {액세스 거부} 프로세스가 개체에 액세스를 요구했지만 액세스 권한이 없습니다. (0xc0000022)
[0124/101020.684:ERROR:exception_snapshot_win.cc(99)] thread ID 16176 not found in process
[0124/101020.708:ERROR:process_reader_win.cc(151)] SuspendThread: 액세스가 거부되었습니다. (0x5)
[0124/101020.708:ERROR:exception_snapshot_win.cc(99)] thread ID 6360 not found in process
[0125/061730.668:ERROR:process_reader_win.cc(123)] NtOpenThread: {액세스 거부} 프로세스가 개체에 액세스를 요구했지만 액세스 권한이 없습니다. (0xc0000022)
[0125/061730.672:ERROR:exception_snapshot_win.cc(99)] thread ID 19036 not found in process
[0125/061730.770:ERROR:process_reader_win.cc(151)] SuspendThread: 액세스가 거부되었습니다. (0x5)
[0125/061730.830:ERROR:process_reader_win.cc(123)] NtOpenThread: {액세스 거부} 프로세스가 개체에 액세스를 요구했지만 액세스 권한이 없습니다. (0xc0000022)
[0125/061730.913:ERROR:exception_snapshot_win.cc(99)] thread ID 16560 not found in process
[0125/061730.913:ERROR:process_reader_win.cc(123)] NtOpenThread: 잘못된 클라이언트 ID가 지정되었습니다. (0xc000000b)
[0125/061730.913:ERROR:process_reader_win.cc(123)] NtOpenThread: 잘못된 클라이언트 ID가 지정되었습니다. (0xc000000b)
[0125/061730.913:ERROR:exception_snapshot_win.cc(99)] thread ID 8476 not found in process
[0125/061730.913:ERROR:scoped_process_suspend.cc(40)] NtResumeProcess: 기존 프로세스에 액세스하려고 했습니다. (0xc000010a)
[0126/062815.706:ERROR:process_reader_win.cc(151)] SuspendThread: 액세스가 거부되었습니다. (0x5)
[0126/062815.710:ERROR:process_reader_win.cc(151)] SuspendThread: 액세스가 거부되었습니다. (0x5)
[0126/062815.710:ERROR:process_reader_win.cc(123)] NtOpenThread: {액세스 거부} 프로세스가 개체에 액세스를 요구했지만 액세스 권한이 없습니다. (0xc0000022)
[0126/062815.710:ERROR:exception_snapshot_win.cc(99)] thread ID 12580 not found in process
[0126/062815.759:ERROR:process_reader_win.cc(123)] NtOpenThread: {액세스 거부} 프로세스가 개체에 액세스를 요구했지만 액세스 권한이 없습니다. (0xc0000022)
[0126/062815.759:ERROR:exception_snapshot_win.cc(99)] thread ID 1412 not found in process
[0126/062820.839:ERROR:process_reader_win.cc(151)] SuspendThread: 액세스가 거부되었습니다. (0x5)
[0126/062820.858:ERROR:process_reader_win.cc(151)] SuspendThread: 액세스가 거부되었습니다. (0x5)
[0126/062820.858:ERROR:process_reader_win.cc(123)] NtOpenThread: {액세스 거부} 프로세스가 개체에 액세스를 요구했지만 액세스 권한이 없습니다. (0xc0000022)
[0126/062820.858:ERROR:exception_snapshot_win.cc(99)] thread ID 9964 not found in process
[0126/062820.910:ERROR:process_reader_win.cc(123)] NtOpenThread: {액세스 거부} 프로세스가 개체에 액세스를 요구했지만 액세스 권한이 없습니다. (0xc0000022)
[0126/062820.910:ERROR:exception_snapshot_win.cc(99)] thread ID 3092 not found in process
[0126/062820.910:ERROR:scoped_process_suspend.cc(40)] NtResumeProcess: 기존 프로세스에 액세스하려고 했습니다. (0xc000010a)
